<?xml version="1.0" encoding="UTF-8"?>
<!DOCTYPE mapper PUBLIC "-//mybatis.org//DTD Mapper 3.0//EN"
 "http://mybatis.org/dtd/mybatis-3-mapper.dtd">
 
 <mapper namespace="Test"> 
	<insert id="insertDB" parameterType="String">
		INSERT INTO TESTTABLE VALUES(#{data1})
	</insert>
	<select id="selectDB" resultType="String">
	SELECT * FROM TESTTABLE WHERE ROWNUM = 1
	</select>
	<insert id="insertDB2" parameterType="test">
		INSERT INTO TESTTABLE VALUES(#{param1},#{param2})
	</insert>
 </mapper>
 
 
 
 
 
 
 
 
 
 
 
 